<?xml version="1.0" encoding="UTF-8"?>
<!-- Generated by org.testng.reporters.JUnitReportReporter -->
<testsuite hostname="Lenovo-PC" failures="0" tests="1" name="com.inetbanking.testCases.TC001_Login3" time="14.855" errors="0" timestamp="25 Jun 2020 08:19:03 GMT" skipped="0">
  <testcase classname="com.inetbanking.testCases.TC001_Login3" name="loginTest" time="14.855"/>
</testsuite> <!-- com.inetbanking.testCases.TC001_Login3 -->
