<?xml version="1.0" encoding="UTF-8"?>
<!-- Generated by org.testng.reporters.JUnitReportReporter -->
<testsuite skipped="0" hostname="lenovo-PC" name="com.inetbanking.testCases.TC003_AddCustomer" tests="1" failures="0" timestamp="12 Jun 2020 12:10:05 GMT" time="72.321" errors="0">
  <testcase name="addNewCustomer" time="72.321" classname="com.inetbanking.testCases.TC003_AddCustomer"/>
</testsuite> <!-- com.inetbanking.testCases.TC003_AddCustomer -->
