<?xml version="1.0" encoding="UTF-8"?>
<!-- Generated by org.testng.reporters.JUnitReportReporter -->
<testsuite skipped="0" hostname="lenovo-PC" name="com.inetbanking.testCases.TC003_AddCustomer" tests="1" failures="0" timestamp="17 Jun 2020 10:46:11 GMT" time="112.728" errors="0">
  <testcase name="addNewCustomer" time="112.728" classname="com.inetbanking.testCases.TC003_AddCustomer"/>
</testsuite> <!-- com.inetbanking.testCases.TC003_AddCustomer -->
